2024-06-06 00:53:22,721 - WifiAllocation - DEBUG - Started running server
2024-06-06 00:53:22,825 - WifiAllocation - INFO - Starting delete expired premium user routine
2024-06-06 12:14:13,355 - WifiAllocation - INFO - There are too many users in the network, unable to add another user, avg_speed: 0.0
2024-06-06 12:32:16,447 - WifiAllocation - DEBUG - Started running server
2024-06-06 12:32:16,781 - WifiAllocation - INFO - Starting delete expired premium user routine
2024-06-06 12:34:10,257 - WifiAllocation - DEBUG - Started running server
2024-06-06 12:34:10,535 - WifiAllocation - INFO - Starting delete expired premium user routine
2024-06-06 12:36:56,168 - WifiAllocation - DEBUG - Started running server
2024-06-06 12:36:56,338 - WifiAllocation - INFO - Starting delete expired premium user routine
2024-06-06 12:40:19,936 - WifiAllocation - INFO - There are too many users in the network, unable to add another user, avg_speed: 0.0
2024-06-06 12:44:41,423 - WifiAllocation - DEBUG - Started running server
2024-06-06 12:44:41,614 - WifiAllocation - INFO - Starting delete expired premium user routine
2024-06-06 12:46:22,215 - WifiAllocation - DEBUG - Started running server
2024-06-06 12:46:22,416 - WifiAllocation - INFO - Starting delete expired premium user routine
2024-06-06 12:48:58,361 - WifiAllocation - DEBUG - Started running server
2024-06-06 12:48:58,693 - WifiAllocation - INFO - Starting delete expired premium user routine
2024-06-06 12:52:47,772 - WifiAllocation - DEBUG - Started running server
2024-06-06 12:52:47,957 - WifiAllocation - INFO - Starting delete expired premium user routine
2024-06-06 12:54:33,664 - WifiAllocation - DEBUG - Started running server
2024-06-06 12:54:33,819 - WifiAllocation - INFO - Starting delete expired premium user routine
2024-06-06 12:58:20,373 - WifiAllocation - DEBUG - Started running server
2024-06-06 12:58:20,547 - WifiAllocation - INFO - Starting delete expired premium user routine
2024-06-06 13:05:05,735 - WifiAllocation - DEBUG - Started running server
2024-06-06 13:05:05,893 - WifiAllocation - INFO - Starting delete expired premium user routine
2024-06-06 13:06:06,229 - WifiAllocation - DEBUG - Started running server
2024-06-06 13:06:06,477 - WifiAllocation - INFO - Starting delete expired premium user routine
2024-06-06 13:08:43,290 - WifiAllocation - INFO - There are too many users in the network, unable to add another user, avg_speed: 0.0
2024-06-06 13:08:59,268 - WifiAllocation - INFO - There are too many users in the network, unable to add another user, avg_speed: 0.0
2024-06-06 13:11:02,932 - WifiAllocation - DEBUG - Started running server
2024-06-06 13:11:03,116 - WifiAllocation - INFO - Starting delete expired premium user routine
2024-06-06 13:11:22,905 - WifiAllocation - INFO - There are too many users in the network, unable to add another user, avg_speed: 0.0
2024-06-06 13:12:15,499 - WifiAllocation - DEBUG - Started running server
2024-06-06 13:12:15,603 - WifiAllocation - INFO - Starting delete expired premium user routine
2024-06-06 13:12:30,776 - WifiAllocation - INFO - There are too many users in the network, unable to add another user, avg_speed: 0.0
2024-06-06 13:13:40,912 - WifiAllocation - DEBUG - Started running server
2024-06-06 13:13:41,023 - WifiAllocation - INFO - Starting delete expired premium user routine
2024-06-06 13:13:54,780 - WifiAllocation - INFO - *********** CREATE NEW FREE USER ***********
2024-06-06 13:30:56,468 - WifiAllocation - INFO - *********** CREATE NEW FREE USER ***********
2024-06-06 22:41:44,338 - WifiAllocation - DEBUG - Started running server
2024-06-06 22:43:08,639 - WifiAllocation - DEBUG - Started running server
2024-06-06 22:43:08,719 - WifiAllocation - INFO - Starting delete expired premium user routine
2024-06-06 22:44:11,395 - WifiAllocation - DEBUG - Started running server
2024-06-06 22:44:11,462 - WifiAllocation - INFO - Starting delete expired premium user routine
2024-06-06 22:44:20,730 - WifiAllocation - DEBUG - Started running server
2024-06-06 22:44:20,794 - WifiAllocation - INFO - Starting delete expired premium user routine
2024-06-06 23:18:52,525 - WifiAllocation - DEBUG - Started running server
2024-06-06 23:18:52,659 - WifiAllocation - INFO - Starting delete expired premium user routine
2024-06-07 16:13:22,131 - WifiAllocation - DEBUG - Started running server
2024-06-07 16:13:22,299 - WifiAllocation - INFO - Starting delete expired premium user routine
2024-06-07 16:16:36,899 - WifiAllocation - DEBUG - Started running server
2024-06-07 16:16:37,003 - WifiAllocation - INFO - Starting delete expired premium user routine
2024-06-07 16:25:54,451 - WifiAllocation - DEBUG - Started running server
2024-06-07 16:25:54,558 - WifiAllocation - INFO - Starting delete expired premium user routine
2024-06-07 16:27:44,253 - WifiAllocation - DEBUG - Started running server
2024-06-07 16:27:44,338 - WifiAllocation - INFO - Starting delete expired premium user routine
2024-06-09 18:42:36,254 - WifiAllocation - DEBUG - Started running server
2024-06-09 18:42:36,396 - WifiAllocation - INFO - Starting delete expired premium user routine
2024-06-09 18:42:36,413 - WifiAllocation - INFO - The expired users are: []
2024-06-09 18:47:36,429 - WifiAllocation - INFO - Starting delete expired premium user routine
2024-06-09 18:47:36,437 - WifiAllocation - INFO - The expired users are: []
2024-06-09 18:52:36,444 - WifiAllocation - INFO - Starting delete expired premium user routine
2024-06-09 18:52:36,444 - WifiAllocation - INFO - The expired users are: []
2024-06-09 18:57:36,455 - WifiAllocation - INFO - Starting delete expired premium user routine
2024-06-09 18:57:36,455 - WifiAllocation - INFO - The expired users are: []
2024-06-09 19:02:36,457 - WifiAllocation - INFO - Starting delete expired premium user routine
2024-06-09 19:02:36,457 - WifiAllocation - INFO - The expired users are: []
2024-06-09 19:07:36,469 - WifiAllocation - INFO - Starting delete expired premium user routine
2024-06-09 19:07:36,469 - WifiAllocation - INFO - The expired users are: []
2024-06-09 19:12:36,477 - WifiAllocation - INFO - Starting delete expired premium user routine
2024-06-09 19:12:36,477 - WifiAllocation - INFO - The expired users are: []
2024-06-09 19:17:36,465 - WifiAllocation - INFO - Starting delete expired premium user routine
2024-06-09 19:17:36,478 - WifiAllocation - INFO - The expired users are: []
2024-06-09 19:22:36,472 - WifiAllocation - INFO - Starting delete expired premium user routine
2024-06-09 19:22:36,504 - WifiAllocation - INFO - The expired users are: []
2024-06-09 19:27:36,511 - WifiAllocation - INFO - Starting delete expired premium user routine
2024-06-09 19:27:36,521 - WifiAllocation - INFO - The expired users are: []
2024-06-09 19:32:36,531 - WifiAllocation - INFO - Starting delete expired premium user routine
2024-06-09 19:32:36,548 - WifiAllocation - INFO - The expired users are: []
2024-06-09 19:37:36,558 - WifiAllocation - INFO - Starting delete expired premium user routine
2024-06-09 19:37:36,558 - WifiAllocation - INFO - The expired users are: []
2024-06-09 19:42:36,550 - WifiAllocation - INFO - Starting delete expired premium user routine
2024-06-09 19:42:36,550 - WifiAllocation - INFO - The expired users are: []
2024-06-10 01:44:56,841 - WifiAllocation - INFO - Starting delete expired premium user routine
2024-06-10 01:44:57,275 - WifiAllocation - INFO - The expired users are: []
2024-06-10 10:23:00,500 - WifiAllocation - INFO - Starting delete expired premium user routine
2024-06-10 10:23:01,498 - WifiAllocation - INFO - The expired users are: []
2024-06-10 10:28:01,502 - WifiAllocation - INFO - Starting delete expired premium user routine
2024-06-10 10:28:01,507 - WifiAllocation - INFO - The expired users are: []
2024-06-10 10:33:01,502 - WifiAllocation - INFO - Starting delete expired premium user routine
2024-06-10 10:33:01,514 - WifiAllocation - INFO - The expired users are: []
2024-06-10 10:38:01,530 - WifiAllocation - INFO - Starting delete expired premium user routine
2024-06-10 10:38:01,546 - WifiAllocation - INFO - The expired users are: []
2024-06-10 10:43:01,550 - WifiAllocation - INFO - Starting delete expired premium user routine
2024-06-10 10:43:01,564 - WifiAllocation - INFO - The expired users are: []
2024-06-10 10:48:01,570 - WifiAllocation - INFO - Starting delete expired premium user routine
2024-06-10 10:48:01,579 - WifiAllocation - INFO - The expired users are: []
2024-06-10 10:53:01,663 - WifiAllocation - INFO - Starting delete expired premium user routine
2024-06-10 10:53:01,739 - WifiAllocation - INFO - The expired users are: []
2024-06-10 10:58:01,755 - WifiAllocation - INFO - Starting delete expired premium user routine
2024-06-10 10:58:01,807 - WifiAllocation - INFO - The expired users are: []
2024-06-10 11:03:01,829 - WifiAllocation - INFO - Starting delete expired premium user routine
2024-06-10 11:03:01,852 - WifiAllocation - INFO - The expired users are: []
2024-06-10 11:08:01,857 - WifiAllocation - INFO - Starting delete expired premium user routine
2024-06-10 11:08:01,876 - WifiAllocation - INFO - The expired users are: []
2024-06-10 11:13:01,904 - WifiAllocation - INFO - Starting delete expired premium user routine
2024-06-10 11:13:01,934 - WifiAllocation - INFO - The expired users are: []
2024-06-10 11:18:01,939 - WifiAllocation - INFO - Starting delete expired premium user routine
2024-06-10 11:18:01,946 - WifiAllocation - INFO - The expired users are: []
2024-06-10 11:23:01,923 - WifiAllocation - INFO - Starting delete expired premium user routine
2024-06-10 11:23:01,934 - WifiAllocation - INFO - The expired users are: []
2024-06-10 11:28:01,950 - WifiAllocation - INFO - Starting delete expired premium user routine
2024-06-10 11:28:01,974 - WifiAllocation - INFO - The expired users are: []
2024-06-10 11:33:01,990 - WifiAllocation - INFO - Starting delete expired premium user routine
2024-06-10 11:33:02,004 - WifiAllocation - INFO - The expired users are: []
2024-06-10 11:38:02,018 - WifiAllocation - INFO - Starting delete expired premium user routine
2024-06-10 11:38:02,039 - WifiAllocation - INFO - The expired users are: []
2024-06-10 11:43:02,057 - WifiAllocation - INFO - Starting delete expired premium user routine
2024-06-10 11:43:02,077 - WifiAllocation - INFO - The expired users are: []
2024-06-10 11:48:02,055 - WifiAllocation - INFO - Starting delete expired premium user routine
2024-06-10 11:48:02,093 - WifiAllocation - INFO - The expired users are: []
2024-06-10 11:53:02,106 - WifiAllocation - INFO - Starting delete expired premium user routine
